[2016-06-09 16:07:48,836] - INFO - Database query -> SELECT AnswerText FROM Date1,Date2,Date3,Value1,Value2,Value3 WHERE AbonentId=115630200760
[2016-06-09 16:07:48,838] - INFO - Database result -> Неверный номер лицевого счета. Обратитесь по номеру +73912286207
[2016-06-09 16:08:41,777] - INFO - Database query -> SELECT AnswerText FROM Date1,Date2,Date3,Value1,Value2,Value3 WHERE AbonentId=115630200760
[2016-06-09 16:08:41,779] - INFO - Database result -> Неверный номер лицевого счета. Обратитесь по номеру +73912286207
[2016-06-09 16:09:26,107] - INFO - Database query -> SELECT AnswerText FROM Date1,Date2,Date3,Value1,Value2,Value3 WHERE AbonentId=115630200760
[2016-06-09 16:10:31,261] - INFO - Database query -> SELECT Date1,Date2,Date3,Value1,Value2,Value3 FROM DataTable WHERE AbonentId=115630200760
[2016-06-09 16:10:31,319] - INFO - Database result -> 2016-04-12 00:00:00
[2016-06-09 16:10:47,826] - INFO - Database query -> SELECT Date1,Date2,Date3,Value1,Value2,Value3 FROM DataTable WHERE AbonentId=115630200760
[2016-06-09 16:10:47,831] - INFO - Database result -> (datetime.datetime(2016, 4, 12, 0, 0), datetime.datetime(2016, 4, 13, 0, 0), datetime.datetime(2016, 4, 14, 0, 0), Decimal('14252'), Decimal('14263'), Decimal('14272'))
[2016-06-09 16:13:43,419] - INFO - Database query -> SELECT Date1,Date2,Date3,Value1,Value2,Value3 FROM DataTable WHERE AbonentId=115630200760
[2016-06-09 16:13:43,424] - INFO - Database result -> {'Date3': datetime.datetime(2016, 4, 14, 0, 0), 'Date1': datetime.datetime(2016, 4, 12, 0, 0), 'Value3': Decimal('14272'), 'Value2': Decimal('14263'), 'Value1': Decimal('14252'), 'Date2': datetime.datetime(2016, 4, 13, 0, 0)}
[2016-06-09 16:35:10,666] - INFO - Database query -> SELECT Date1,Date2,Date3,Value1,Value2,Value3 FROM DataTable WHERE AbonentId=115630200760
[2016-06-09 16:35:10,671] - INFO - Database result -> 2016-04-12 00:00:00 -> 14252; 2016-04-13 00:00:00 -> 14263; 2016-04-14 00:00:00 -> 14272
[2016-06-09 16:35:52,111] - INFO - Database query -> SELECT Date1,Date2,Date3,Value1,Value2,Value3 FROM DataTable WHERE AbonentId=115630200760
[2016-06-09 16:35:52,117] - INFO - Database result -> 2016-04-12 00:00:00 -> 14252; 2016-04-13 00:00:00 -> 14263; 2016-04-14 00:00:00 -> 14272
[2016-06-09 16:36:20,808] - INFO - Database query -> SELECT Date1,Date2,Date3,Value1,Value2,Value3 FROM DataTable WHERE AbonentId=115630200760
[2016-06-09 16:36:20,813] - INFO - Database result -> 2016-04-12 00:00:00 -> 14252; 2016-04-13 00:00:00 -> 14263; 2016-04-14 00:00:00 -> 14272
[2016-06-09 16:36:36,223] - INFO - Database query -> SELECT Date1,Date2,Date3,Value1,Value2,Value3 FROM DataTable WHERE AbonentId=115630200760
[2016-06-09 16:37:38,194] - INFO - Database query -> SELECT Date1,Date2,Date3,Value1,Value2,Value3 FROM DataTable WHERE AbonentId=115630200760
[2016-06-09 16:37:38,199] - INFO - Database result -> 2016-04-12 00:00:00 -> 14252; 2016-04-13 00:00:00 -> 14263; 2016-04-14 00:00:00 -> 14272
[2016-06-09 16:37:54,815] - INFO - Database query -> SELECT Date1,Date2,Date3,Value1,Value2,Value3 FROM DataTable WHERE AbonentId=115630200760
[2016-06-09 16:37:54,820] - INFO - Database result -> 2016-04-12 00:00:00 -> 14252; 2016-04-13 00:00:00 -> 14263; 2016-04-14 00:00:00 -> 14272
[2016-06-09 16:38:41,480] - INFO - Database query -> SELECT Date1,Date2,Date3,Value1,Value2,Value3 FROM DataTable WHERE AbonentId=115630200760
[2016-06-09 16:41:20,221] - INFO - Database query -> SELECT Date1,Date2,Date3,Value1,Value2,Value3 FROM DataTable WHERE AbonentId=115630200760
[2016-06-09 16:42:07,469] - INFO - Database query -> SELECT Date1,Date2,Date3,Value1,Value2,Value3 FROM DataTable WHERE AbonentId=115630200760
[2016-06-09 16:51:51,790] - INFO - Database query -> SELECT Date1,Value1,Date2,Value2,Date3,Value3 FROM DataTable WHERE AbonentId=115630200760
[2016-06-09 16:51:58,067] - INFO - Database query -> SELECT Date1,Value1,Date2,Value2,Date3,Value3 FROM DataTable WHERE AbonentId=115630200760
[2016-06-09 16:51:58,072] - INFO - Database result -> (datetime.datetime(2016, 4, 12, 0, 0), Decimal('14252'), datetime.datetime(2016, 4, 13, 0, 0), Decimal('14263'), datetime.datetime(2016, 4, 14, 0, 0), Decimal('14272'))
[2016-06-09 16:56:47,857] - INFO - Database query -> SELECT Date1,Date2,Date3,Value1,Value2,Value3 FROM DataTable WHERE AbonentId=115630200760
[2016-06-09 16:56:47,862] - INFO - Database result -> <zip object at 0x7f7684476548>
[2016-06-09 16:56:57,153] - INFO - Database query -> SELECT Date1,Date2,Date3,Value1,Value2,Value3 FROM DataTable WHERE AbonentId=115630200760
[2016-06-09 16:58:01,046] - INFO - Database query -> SELECT Date1,Date2,Date3,Value1,Value2,Value3 FROM DataTable WHERE AbonentId=115630200760
[2016-06-09 16:58:01,051] - INFO - Database result -> (datetime.datetime(2016, 4, 12, 0, 0), datetime.datetime(2016, 4, 13, 0, 0), datetime.datetime(2016, 4, 14, 0, 0), Decimal('14252'), Decimal('14263'), Decimal('14272'))
[2016-06-09 16:58:40,991] - INFO - Database query -> SELECT Date1,Date2,Date3,Value1,Value2,Value3 FROM DataTable WHERE AbonentId=115630200760
[2016-06-09 16:58:40,997] - INFO - Database result -> (datetime.datetime(2016, 4, 12, 0, 0), datetime.datetime(2016, 4, 13, 0, 0), datetime.datetime(2016, 4, 14, 0, 0), Decimal('14252'), Decimal('14263'), Decimal('14272'))
[2016-06-10 09:32:33,642] - INFO - Database query -> SELECT Date1,Date2,Date3,Value1,Value2,Value3 FROM DataTable WHERE AbonentId=115630200760
[2016-06-10 09:32:33,647] - INFO - Database result -> {'Date1': datetime.datetime(2016, 4, 12, 0, 0), 'Value3': Decimal('14272'), 'Date2': datetime.datetime(2016, 4, 13, 0, 0), 'Value2': Decimal('14263'), 'Date3': datetime.datetime(2016, 4, 14, 0, 0), 'Value1': Decimal('14252')}
[2016-06-10 09:36:05,597] - INFO - Database query -> SELECT Date1,Date2,Date3,Value1,Value2,Value3 FROM DataTable WHERE AbonentId=115630200760
[2016-06-10 09:36:05,602] - INFO - Database result -> (datetime.datetime(2016, 4, 12, 0, 0), datetime.datetime(2016, 4, 13, 0, 0), datetime.datetime(2016, 4, 14, 0, 0), Decimal('14252'), Decimal('14263'), Decimal('14272'))
[2016-06-10 09:37:46,643] - INFO - Database query -> SELECT Date1,Date2,Date3,Value1,Value2,Value3 FROM DataTable WHERE AbonentId=115630200760
[2016-06-10 09:37:46,648] - INFO - Database result -> (datetime.datetime(2016, 4, 12, 0, 0), datetime.datetime(2016, 4, 13, 0, 0), datetime.datetime(2016, 4, 14, 0, 0), Decimal('14252'), Decimal('14263'), Decimal('14272'))
[2016-06-10 09:38:11,807] - INFO - Database query -> SELECT Date1,Date2,Date3,Value1,Value2,Value3 FROM DataTable WHERE AbonentId=115630200760
[2016-06-10 09:38:11,812] - INFO - Database result -> (datetime.datetime(2016, 4, 12, 0, 0), datetime.datetime(2016, 4, 13, 0, 0), datetime.datetime(2016, 4, 14, 0, 0), Decimal('14252'), Decimal('14263'), Decimal('14272'))
[2016-06-10 09:38:40,345] - INFO - Database query -> SELECT Date1,Date2,Date3,Value1,Value2,Value3 FROM DataTable WHERE AbonentId=115630200760
[2016-06-10 09:38:40,350] - INFO - Database result -> (datetime.datetime(2016, 4, 12, 0, 0), datetime.datetime(2016, 4, 13, 0, 0), datetime.datetime(2016, 4, 14, 0, 0), Decimal('14252'), Decimal('14263'), Decimal('14272'))
[2016-06-10 09:38:54,489] - INFO - Database query -> SELECT Date1,Date2,Date3,Value1,Value2,Value3 FROM DataTable WHERE AbonentId=115630200760
[2016-06-10 09:38:54,494] - INFO - Database result -> (datetime.datetime(2016, 4, 12, 0, 0), datetime.datetime(2016, 4, 13, 0, 0), datetime.datetime(2016, 4, 14, 0, 0), Decimal('14252'), Decimal('14263'), Decimal('14272'))
[2016-06-10 09:39:26,271] - INFO - Database query -> SELECT Date1,Date2,Date3,Value1,Value2,Value3 FROM DataTable WHERE AbonentId=115630200760
[2016-06-10 09:39:26,276] - INFO - Database result -> (datetime.datetime(2016, 4, 12, 0, 0), datetime.datetime(2016, 4, 13, 0, 0), datetime.datetime(2016, 4, 14, 0, 0), Decimal('14252'), Decimal('14263'), Decimal('14272'))
[2016-06-10 09:39:35,061] - INFO - Database query -> SELECT Date1,Date2,Date3,Value1,Value2,Value3 FROM DataTable WHERE AbonentId=115630200760
[2016-06-10 09:39:35,066] - INFO - Database result -> (datetime.datetime(2016, 4, 12, 0, 0), datetime.datetime(2016, 4, 13, 0, 0), datetime.datetime(2016, 4, 14, 0, 0), Decimal('14252'), Decimal('14263'), Decimal('14272'))
[2016-06-10 09:39:45,317] - INFO - Database query -> SELECT Date1,Date2,Date3,Value1,Value2,Value3 FROM DataTable WHERE AbonentId=115630200760
[2016-06-10 09:39:45,322] - INFO - Database result -> (datetime.datetime(2016, 4, 12, 0, 0), datetime.datetime(2016, 4, 13, 0, 0), datetime.datetime(2016, 4, 14, 0, 0), Decimal('14252'), Decimal('14263'), Decimal('14272'))
[2016-06-10 09:39:59,630] - INFO - Database query -> SELECT Date1,Date2,Date3,Value1,Value2,Value3 FROM DataTable WHERE AbonentId=115630200760
[2016-06-10 09:39:59,636] - INFO - Database result -> (datetime.datetime(2016, 4, 12, 0, 0), datetime.datetime(2016, 4, 13, 0, 0), datetime.datetime(2016, 4, 14, 0, 0), Decimal('14252'), Decimal('14263'), Decimal('14272'))
[2016-06-10 09:40:24,246] - INFO - Database query -> SELECT Date1,Date2,Date3,Value1,Value2,Value3 FROM DataTable WHERE AbonentId=115630200760
[2016-06-10 09:40:24,251] - INFO - Database result -> (datetime.datetime(2016, 4, 12, 0, 0), datetime.datetime(2016, 4, 13, 0, 0), datetime.datetime(2016, 4, 14, 0, 0), Decimal('14252'), Decimal('14263'), Decimal('14272'))
[2016-06-10 09:40:45,767] - INFO - Database query -> SELECT Date1,Date2,Date3,Value1,Value2,Value3 FROM DataTable WHERE AbonentId=115630200760
[2016-06-10 09:40:45,772] - INFO - Database result -> (datetime.datetime(2016, 4, 12, 0, 0), datetime.datetime(2016, 4, 13, 0, 0), datetime.datetime(2016, 4, 14, 0, 0), Decimal('14252'), Decimal('14263'), Decimal('14272'))
[2016-06-10 09:40:55,610] - INFO - Database query -> SELECT Date1,Date2,Date3,Value1,Value2,Value3 FROM DataTable WHERE AbonentId=115630200760
[2016-06-10 09:40:55,615] - INFO - Database result -> (datetime.datetime(2016, 4, 12, 0, 0), datetime.datetime(2016, 4, 13, 0, 0), datetime.datetime(2016, 4, 14, 0, 0), Decimal('14252'), Decimal('14263'), Decimal('14272'))
[2016-06-10 09:41:15,303] - INFO - Database query -> SELECT Date1,Date2,Date3,Value1,Value2,Value3 FROM DataTable WHERE AbonentId=115630200760
[2016-06-10 09:41:15,309] - INFO - Database result -> (datetime.datetime(2016, 4, 12, 0, 0), datetime.datetime(2016, 4, 13, 0, 0), datetime.datetime(2016, 4, 14, 0, 0), Decimal('14252'), Decimal('14263'), Decimal('14272'))
[2016-06-10 09:42:38,769] - INFO - Database query -> SELECT Date1,Date2,Date3,Value1,Value2,Value3 FROM DataTable WHERE AbonentId=115630200760
[2016-06-10 09:42:38,774] - INFO - Database result -> (datetime.datetime(2016, 4, 12, 0, 0), datetime.datetime(2016, 4, 13, 0, 0), datetime.datetime(2016, 4, 14, 0, 0), Decimal('14252'), Decimal('14263'), Decimal('14272'))
[2016-06-10 09:42:56,210] - INFO - Database query -> SELECT Date1,Date2,Date3,Value1,Value2,Value3 FROM DataTable WHERE AbonentId=115630200760
[2016-06-10 09:42:56,215] - INFO - Database result -> (datetime.datetime(2016, 4, 12, 0, 0), datetime.datetime(2016, 4, 13, 0, 0), datetime.datetime(2016, 4, 14, 0, 0), Decimal('14252'), Decimal('14263'), Decimal('14272'))
[2016-06-10 09:43:08,896] - INFO - Database query -> SELECT Date1,Date2,Date3,Value1,Value2,Value3 FROM DataTable WHERE AbonentId=115630200760
[2016-06-10 09:43:08,902] - INFO - Database result -> (datetime.datetime(2016, 4, 12, 0, 0), datetime.datetime(2016, 4, 13, 0, 0), datetime.datetime(2016, 4, 14, 0, 0), Decimal('14252'), Decimal('14263'), Decimal('14272'))
[2016-06-10 09:43:35,629] - INFO - Database query -> SELECT Date1,Date2,Date3,Value1,Value2,Value3 FROM DataTable WHERE AbonentId=115630200760
[2016-06-10 09:43:35,634] - INFO - Database result -> (datetime.datetime(2016, 4, 12, 0, 0), datetime.datetime(2016, 4, 13, 0, 0), datetime.datetime(2016, 4, 14, 0, 0), Decimal('14252'), Decimal('14263'), Decimal('14272'))
[2016-06-10 09:43:45,222] - INFO - Database query -> SELECT Date1,Date2,Date3,Value1,Value2,Value3 FROM DataTable WHERE AbonentId=115630200760
[2016-06-10 09:43:45,227] - INFO - Database result -> (datetime.datetime(2016, 4, 12, 0, 0), datetime.datetime(2016, 4, 13, 0, 0), datetime.datetime(2016, 4, 14, 0, 0), Decimal('14252'), Decimal('14263'), Decimal('14272'))
[2016-06-10 09:44:31,962] - INFO - Database query -> SELECT Date1,Date2,Date3,Value1,Value2,Value3 FROM DataTable WHERE AbonentId=115630200760
[2016-06-10 09:44:31,968] - INFO - Database result -> (datetime.datetime(2016, 4, 12, 0, 0), datetime.datetime(2016, 4, 13, 0, 0), datetime.datetime(2016, 4, 14, 0, 0), Decimal('14252'), Decimal('14263'), Decimal('14272'))
[2016-06-10 09:44:43,600] - INFO - Database query -> SELECT Date1,Date2,Date3,Value1,Value2,Value3 FROM DataTable WHERE AbonentId=115630200760
[2016-06-10 09:44:43,606] - INFO - Database result -> (datetime.datetime(2016, 4, 12, 0, 0), datetime.datetime(2016, 4, 13, 0, 0), datetime.datetime(2016, 4, 14, 0, 0), Decimal('14252'), Decimal('14263'), Decimal('14272'))
[2016-06-10 09:44:53,091] - INFO - Database query -> SELECT Date1,Date2,Date3,Value1,Value2,Value3 FROM DataTable WHERE AbonentId=115630200760
[2016-06-10 09:44:53,096] - INFO - Database result -> (datetime.datetime(2016, 4, 12, 0, 0), datetime.datetime(2016, 4, 13, 0, 0), datetime.datetime(2016, 4, 14, 0, 0), Decimal('14252'), Decimal('14263'), Decimal('14272'))
[2016-06-10 09:45:07,180] - INFO - Database query -> SELECT Date1,Date2,Date3,Value1,Value2,Value3 FROM DataTable WHERE AbonentId=115630200760
[2016-06-10 09:45:07,185] - INFO - Database result -> (datetime.datetime(2016, 4, 12, 0, 0), datetime.datetime(2016, 4, 13, 0, 0), datetime.datetime(2016, 4, 14, 0, 0), Decimal('14252'), Decimal('14263'), Decimal('14272'))
[2016-06-10 09:45:08,816] - INFO - Database query -> SELECT Date1,Date2,Date3,Value1,Value2,Value3 FROM DataTable WHERE AbonentId=115630200760
[2016-06-10 09:45:08,821] - INFO - Database result -> (datetime.datetime(2016, 4, 12, 0, 0), datetime.datetime(2016, 4, 13, 0, 0), datetime.datetime(2016, 4, 14, 0, 0), Decimal('14252'), Decimal('14263'), Decimal('14272'))
[2016-06-10 09:45:21,305] - INFO - Database query -> SELECT Date1,Date2,Date3,Value1,Value2,Value3 FROM DataTable WHERE AbonentId=115630200760
[2016-06-10 09:45:21,311] - INFO - Database result -> (datetime.datetime(2016, 4, 12, 0, 0), datetime.datetime(2016, 4, 13, 0, 0), datetime.datetime(2016, 4, 14, 0, 0), Decimal('14252'), Decimal('14263'), Decimal('14272'))
[2016-06-10 09:45:36,772] - INFO - Database query -> SELECT Date1,Date2,Date3,Value1,Value2,Value3 FROM DataTable WHERE AbonentId=115630200760
[2016-06-10 09:45:36,777] - INFO - Database result -> (datetime.datetime(2016, 4, 12, 0, 0), datetime.datetime(2016, 4, 13, 0, 0), datetime.datetime(2016, 4, 14, 0, 0), Decimal('14252'), Decimal('14263'), Decimal('14272'))
[2016-06-10 09:45:47,957] - INFO - Database query -> SELECT Date1,Date2,Date3,Value1,Value2,Value3 FROM DataTable WHERE AbonentId=115630200760
[2016-06-10 09:45:47,962] - INFO - Database result -> (datetime.datetime(2016, 4, 12, 0, 0), datetime.datetime(2016, 4, 13, 0, 0), datetime.datetime(2016, 4, 14, 0, 0), Decimal('14252'), Decimal('14263'), Decimal('14272'))
[2016-06-10 09:46:35,664] - INFO - Database query -> SELECT Date1,Date2,Date3,Value1,Value2,Value3 FROM DataTable WHERE AbonentId=115630200760
[2016-06-10 09:46:35,669] - INFO - Database result -> (datetime.datetime(2016, 4, 12, 0, 0), datetime.datetime(2016, 4, 13, 0, 0), datetime.datetime(2016, 4, 14, 0, 0), Decimal('14252'), Decimal('14263'), Decimal('14272'))
[2016-06-10 09:46:54,513] - INFO - Database query -> SELECT Date1,Date2,Date3,Value1,Value2,Value3 FROM DataTable WHERE AbonentId=115630200760
[2016-06-10 09:46:54,518] - INFO - Database result -> (datetime.datetime(2016, 4, 12, 0, 0), datetime.datetime(2016, 4, 13, 0, 0), datetime.datetime(2016, 4, 14, 0, 0), Decimal('14252'), Decimal('14263'), Decimal('14272'))
[2016-06-10 09:48:15,752] - INFO - Database query -> SELECT Date1,Date2,Date3,Value1,Value2,Value3 FROM DataTable WHERE AbonentId=115630200760
[2016-06-10 09:48:15,757] - INFO - Database result -> (datetime.datetime(2016, 4, 12, 0, 0), datetime.datetime(2016, 4, 13, 0, 0), datetime.datetime(2016, 4, 14, 0, 0), Decimal('14252'), Decimal('14263'), Decimal('14272'))
[2016-06-10 10:22:23,323] - INFO - Database query -> SELECT Date1,Date2,Date3,Value1,Value2,Value3 FROM DataTable WHERE AbonentId=115630200760
[2016-06-10 10:22:23,329] - INFO - Database result -> 2; 0; 1; 6; -; 0; 4; -; 1; 4;  ; 0; 0; :; 0; 0; :; 0; 0;  ; -; >;  ; 1; 4; 2; 7; 2
[2016-06-10 10:23:49,956] - INFO - Database query -> SELECT Date1,Date2,Date3,Value1,Value2,Value3 FROM DataTable WHERE AbonentId=115630200760
[2016-06-10 10:23:49,961] - INFO - Database result -> 2016-04-14 00:00:00 -> 14272
[2016-06-10 10:24:52,819] - INFO - Database query -> SELECT Date1,Date2,Date3,Value1,Value2,Value3 FROM DataTable WHERE AbonentId=115630200760
[2016-06-10 10:24:52,824] - INFO - Database result -> ['2016-04-13 00:00:00 -> 14263', '2016-04-14 00:00:00 -> 14272']
[2016-06-10 10:25:36,453] - INFO - Database query -> SELECT Date1,Date2,Date3,Value1,Value2,Value3 FROM DataTable WHERE AbonentId=115630200760
[2016-06-10 10:25:36,458] - INFO - Database result -> 2016-04-13 00:00:00 -> 14263; 2016-04-14 00:00:00 -> 14272
[2016-06-10 10:26:29,788] - INFO - Database query -> SELECT Date1,Date2,Date3,Value1,Value2,Value3 FROM DataTable WHERE AbonentId=115630200760
[2016-06-10 10:26:29,793] - INFO - Database result -> 2016-04-13 00:00:00 -> 14263; 2016-04-14 00:00:00 -> 14272
[2016-06-10 10:27:24,510] - INFO - Database query -> SELECT Date1,Date2,Date3,Value1,Value2,Value3 FROM DataTable WHERE AbonentId=115630200760
[2016-06-10 10:27:24,515] - INFO - Database result -> 2016-04-13 00:00:00 -> 14263; 2016-04-14 00:00:00 -> 14272
[2016-06-10 10:27:33,514] - INFO - Database query -> SELECT Date1,Date2,Date3,Value1,Value2,Value3 FROM DataTable WHERE AbonentId=115630200760
[2016-06-10 10:27:33,519] - INFO - Database result -> 2016-04-12 00:00:00 -> 14252; 2016-04-13 00:00:00 -> 14263; 2016-04-14 00:00:00 -> 14272
[2016-06-10 10:28:09,733] - INFO - Database query -> SELECT Date1,Date2,Date3,Value1,Value2,Value3 FROM DataTable WHERE AbonentId=115630200760
[2016-06-10 10:28:09,739] - INFO - Database result -> 2016-04-12 00:00:00 -> 14252 2016-04-13 00:00:00 -> 14263 2016-04-14 00:00:00 -> 14272
[2016-06-10 10:28:26,869] - INFO - Database query -> SELECT Date1,Date2,Date3,Value1,Value2,Value3 FROM DataTable WHERE AbonentId=115630200760
[2016-06-10 10:28:26,875] - INFO - Database result -> 2016-04-12 00:00:00 -> 14252, 2016-04-13 00:00:00 -> 14263, 2016-04-14 00:00:00 -> 14272
[2016-06-10 10:28:39,613] - INFO - Database query -> SELECT Date1,Date2,Date3,Value1,Value2,Value3 FROM DataTable WHERE AbonentId=115630200760
[2016-06-10 10:28:39,618] - INFO - Database result -> 2016-04-12 00:00:00 -> 14252 | 2016-04-13 00:00:00 -> 14263 | 2016-04-14 00:00:00 -> 14272
[2016-06-10 10:32:53,155] - INFO - Database query -> SELECT Date1,Date2,Date3,Value1,Value2,Value3 FROM DataTable WHERE AbonentId=115630200760
[2016-06-10 10:32:53,160] - INFO - Database result -> 2016-04-12 00:00:00 -> 14252 | 2016-04-13 00:00:00 -> 14263 | 2016-04-14 00:00:00 -> 14272
[2016-06-10 10:33:25,037] - INFO - Database query -> SELECT Date1,Date2,Date3,Value1,Value2,Value3 FROM DataTable WHERE AbonentId=115630200760
[2016-06-10 10:33:25,042] - INFO - Database result -> 2016-04-12 00:00:00 -> 14252 | 2016-04-13 00:00:00 -> 14263 | 2016-04-14 00:00:00 -> 14272
[2016-06-10 10:38:11,037] - INFO - Database query -> SELECT Date1,Date2,Date3,Value1,Value2,Value3 FROM DataTable WHERE AbonentId=115630200760
[2016-06-10 10:38:32,806] - INFO - Database query -> SELECT Date1,Date2,Date3,Value1,Value2,Value3 FROM DataTable WHERE AbonentId=115630200760
[2016-06-10 10:40:03,203] - INFO - Database query -> SELECT Date1,Date2,Date3,Value1,Value2,Value3 FROM DataTable WHERE AbonentId=115630200760
[2016-06-10 10:40:53,059] - INFO - Database query -> SELECT Date1,Date2,Date3,Value1,Value2,Value3 FROM DataTable WHERE AbonentId=115630200760
[2016-06-10 11:12:59,374] - INFO - Database query -> SELECT Date1,Date2,Date3,Value1,Value2,Value3 FROM DataTable WHERE AbonentId=115630200760
[2016-06-10 11:12:59,379] - INFO - Database result -> 2016-04-12 00:00:00 -> 14252 | 2016-04-13 00:00:00 -> 14263 | 2016-04-14 00:00:00 -> 14272
[2016-06-10 11:13:48,472] - INFO - Database query -> SELECT Date1,Date2,Date3,Value1,Value2,Value3 FROM DataTable WHERE AbonentId=115630200760
[2016-06-10 11:14:04,425] - INFO - Database query -> SELECT Date1,Date2,Date3,Value1,Value2,Value3 FROM DataTable WHERE AbonentId=115630200760
[2016-06-10 11:14:13,432] - INFO - Database query -> SELECT Date1,Date2,Date3,Value1,Value2,Value3 FROM DataTable WHERE AbonentId=115630200760
[2016-06-10 11:14:13,437] - INFO - Database result -> 2016-04-12 00:00:00 -> 14252 | 2016-04-13 00:00:00 -> 14263 | 2016-04-14 00:00:00 -> 14272
[2016-06-10 11:14:32,756] - INFO - Database query -> SELECT Date1,Date2,Date3,Value1,Value2,Value3 FROM DataTable WHERE AbonentId=115630200760
[2016-06-10 11:23:00,466] - INFO - Database query -> SELECT Date1,Date2,Date3,Value1,Value2,Value3 FROM DataTable WHERE AbonentId=115630200760
[2016-06-10 11:23:00,471] - INFO - Database result -> 2016-04-12 -> 2016-04-13 00:00:00 | 2016-04-12 00:00:00 -> 2016-04-14 | 2016-04-13 -> 2016-04-14 00:00:00
[2016-06-10 11:23:42,437] - INFO - Database query -> SELECT Date1,Date2,Date3,Value1,Value2,Value3 FROM DataTable WHERE AbonentId=115630200760
[2016-06-10 11:24:26,249] - INFO - Database query -> SELECT Date1,Date2,Date3,Value1,Value2,Value3 FROM DataTable WHERE AbonentId=115630200760
[2016-06-10 11:24:26,254] - INFO - Database result -> 2016-04-12 -> 2016-04-13 00:00:00 | 2016-04-12 00:00:00 -> 2016-04-14 | 2016-04-13 -> 2016-04-14 00:00:00
[2016-06-10 11:25:03,935] - INFO - Database query -> SELECT Date1,Date2,Date3,Value1,Value2,Value3 FROM DataTable WHERE AbonentId=115630200760
[2016-06-10 11:25:03,940] - INFO - Database result -> 2016-04-12 00:00:00 -> 14252 | 2016-04-13 00:00:00 -> 14263 | 2016-04-14 00:00:00 -> 14272
[2016-06-10 11:25:57,958] - INFO - Database query -> SELECT Date1,Date2,Date3,Value1,Value2,Value3 FROM DataTable WHERE AbonentId=115630200760
[2016-06-10 11:25:57,964] - INFO - Database result -> 2016-04-12 -> 2016-04-13 00:00:00 | 2016-04-12 00:00:00 -> 2016-04-14 | 2016-04-13 -> 2016-04-14 00:00:00
[2016-06-10 11:27:07,096] - INFO - Database query -> SELECT Date1,Date2,Date3,Value1,Value2,Value3 FROM DataTable WHERE AbonentId=115630200760
[2016-06-10 11:27:07,101] - INFO - Database result -> 2016-04-12 -> 14252 | 2016-04-13 -> 14263 | 2016-04-14 -> 14272
[2016-06-10 11:27:52,199] - INFO - Database query -> SELECT Date1,Date2,Date3,Value1,Value2,Value3 FROM DataTable WHERE AbonentId=115630200760
[2016-06-10 11:27:52,204] - INFO - Database result -> 
[2016-06-10 12:05:34,030] - INFO - Database query -> SELECT Date1,Date2,Date3,Value1,Value2,Value3 FROM DataTable WHERE AbonentId=115630200760
[2016-06-10 12:05:34,036] - INFO - Database result -> 2016-04-12 -> 14252 | 2016-04-13 -> 14263 | 2016-04-14 -> 14272
[2016-06-10 12:13:08,469] - INFO - Database query -> SELECT Date1,Date2,Date3,Value1,Value2,Value3 FROM DataTable WHERE AbonentId=115630200760
[2016-06-10 12:13:08,474] - INFO - Database result -> 2016-04-12 00:00:00 -> 14252 | 2016-04-13 00:00:00 -> 14263 | 2016-04-14 00:00:00 -> 14272
[2016-06-10 14:18:19,293] - INFO - Database query -> SELECT Date1,Date2,Date3,Value1,Value2,Value3 FROM DataTable WHERE AbonentId=115630200760
[2016-06-10 14:18:19,299] - INFO - Database result -> 2016-04-12 -> 14252 | 2016-04-13 -> 14263 | 2016-04-14 -> 14272
[2016-06-10 14:19:15,922] - INFO - Database query -> SELECT Date1,Date2,Date3,Value1,Value2,Value3 FROM DataTable WHERE AbonentId=115630200760
[2016-06-10 14:19:15,927] - INFO - Database result -> 2016-04-12 -> 14252 | 2016-04-13 -> 14263 | 2016-04-14 -> 14272
[2016-06-10 14:29:58,780] - INFO - Database query -> SELECT Date1,Date2,Date3,Value1,Value2,Value3 FROM DataTable WHERE AbonentId=115630200760
[2016-06-10 14:29:58,785] - INFO - Database result -> 2016-04-12 -> 14252 | 2016-04-13 -> 14263 | 2016-04-14 -> 14272
